<?xml version="1.0" encoding="UTF-8"?>
<!-- Generated by org.testng.reporters.JUnitReportReporter -->
<testsuite hostname="AFSWWORB7OU6L2" failures="0" tests="6" name="com.pm0n3s.NewBTrackerAPI.Backend.NewBTrackerAPITests" time="0.085" errors="0" timestamp="31 Aug 2022 16:04:27 GMT" skipped="0">
  <testcase classname="com.pm0n3s.NewBTrackerAPI.Backend.NewBTrackerAPITests" name="givenValidEvent_whenDeleteEvent_EventShouldBeDeleted" time="0.006"/>
  <testcase classname="com.pm0n3s.NewBTrackerAPI.Backend.NewBTrackerAPITests" name="givenInvalidUser_nullShouldBeThrown" time="0.002"/>
  <testcase classname="com.pm0n3s.NewBTrackerAPI.Backend.NewBTrackerAPITests" name="givenInvalidEvent_whenUpdateEvent_nullShouldBeThrown" time="0.035"/>
  <testcase classname="com.pm0n3s.NewBTrackerAPI.Backend.NewBTrackerAPITests" name="givenValidEvent_whenAddEvent_EventShouldBeSaved" time="0.032"/>
  <testcase classname="com.pm0n3s.NewBTrackerAPI.Backend.NewBTrackerAPITests" name="givenValidEvent_whenUpdateEvent_EventShouldBeUpdated" time="0.004"/>
  <testcase classname="com.pm0n3s.NewBTrackerAPI.Backend.NewBTrackerAPITests" name="givenValidUser_whenAccessingDashboard_eventsShouldBeAccessable" time="0.006"/>
</testsuite> <!-- com.pm0n3s.NewBTrackerAPI.Backend.NewBTrackerAPITests -->
