<?xml version="1.0" encoding="UTF-8"?>
<!-- Generated by org.testng.reporters.JUnitReportReporter -->
<testsuite hostname="AFSWWORB7OU6L2" failures="0" tests="9" name="com.pm0n3s.NewBTrackerAPI.Frontend.NewBTrackerFrontEndTests" time="21.136" errors="0" timestamp="31 Aug 2022 16:04:08 GMT" skipped="0">
  <testcase classname="com.pm0n3s.NewBTrackerAPI.Frontend.NewBTrackerFrontEndTests" name="givenNoEnteredPassword_whenRegisterButtonClicked_nothingShouldHappen" time="1.738"/>
  <testcase classname="com.pm0n3s.NewBTrackerAPI.Frontend.NewBTrackerFrontEndTests" name="givenValidData_whenDeleteIsClicked_DataShouldBeDeleted" time="2.499"/>
  <testcase classname="com.pm0n3s.NewBTrackerAPI.Frontend.NewBTrackerFrontEndTests" name="givenNoRequiredInput_addEventShouldBeDisabled" time="1.351"/>
  <testcase classname="com.pm0n3s.NewBTrackerAPI.Frontend.NewBTrackerFrontEndTests" name="givenNoEnteredPassword_whenLoginButtonClicked_FlashMessageShouldShow" time="1.990"/>
  <testcase classname="com.pm0n3s.NewBTrackerAPI.Frontend.NewBTrackerFrontEndTests" name="givenValidLogin_whenLoginButtonClicked_userIsLoggedIn" time="1.841"/>
  <testcase classname="com.pm0n3s.NewBTrackerAPI.Frontend.NewBTrackerFrontEndTests" name="givenValidEventData_whenAddButtonClicked_EventShouldBeSaved" time="2.707"/>
  <testcase classname="com.pm0n3s.NewBTrackerAPI.Frontend.NewBTrackerFrontEndTests" name="givenNoRequiredInput_whenUpdateIsClicked_nothingShouldHappen" time="2.603"/>
  <testcase classname="com.pm0n3s.NewBTrackerAPI.Frontend.NewBTrackerFrontEndTests" name="givenValidUpdateData_whenUpdateClicked_EventShouldSaveUpdatedData" time="3.161"/>
  <testcase classname="com.pm0n3s.NewBTrackerAPI.Frontend.NewBTrackerFrontEndTests" name="givenValidInput_whenRegisterButtonClicked_userIsCreatedAndLoggedIn" time="3.246"/>
</testsuite> <!-- com.pm0n3s.NewBTrackerAPI.Frontend.NewBTrackerFrontEndTests -->
